<?xml version="1.0" encoding="UTF-8"?>
<!-- Generated by org.testng.reporters.JUnitXMLReporter -->
<testsuite ignored="0" hostname="DESKTOP-HU32N3R" failures="0" tests="5" name="Test" time="190.084" errors="0" timestamp="2021-11-16T19:53:31 IST">
  <testcase classname="com.mindtree.Runner.Tc_002_Runner" name="@AfterTest close" time="0.0">
    <failure type="java.lang.NullPointerException" message="Cannot invoke &amp;quot;org.openqa.selenium.WebDriver.close()&amp;quot; because &amp;quot;com.mindtree.Runner.Tc_002_Runner.driver&amp;quot; is null">
      <![CDATA[java.lang.NullPointerException: Cannot invoke "org.openqa.selenium.WebDriver.close()" because "com.mindtree.Runner.Tc_002_Runner.driver" is null
at com.mindtree.Runner.Tc_002_Runner.close(Tc_002_Runner.java:45)
... Removed 24 stack frames]]>
    </failure>
  </testcase> <!-- @AfterTest close -->
  <testcase classname="com.mindtree.Runner.Tc_003_Runner" name="@AfterTest close" time="-1.637072610698E9">
    <skipped/>
  </testcase> <!-- @AfterTest close -->
  <testcase classname="com.mindtree.Runner.Tc_004_Runner" name="@AfterTest close" time="-1.6370726107E9">
    <skipped/>
  </testcase> <!-- @AfterTest close -->
  <testcase classname="com.mindtree.Runner.Tc_005_Runner" name="@AfterTest close" time="-1.6370726107E9">
    <skipped/>
  </testcase> <!-- @AfterTest close -->
  <testcase classname="com.mindtree.Runner.Tc_001_Runner" name="Case1" time="30.443"/>
  <testcase classname="com.mindtree.Runner.Tc_002_Runner" name="Case1" time="3.403"/>
  <testcase classname="com.mindtree.Runner.Tc_003_Runner" name="Case1" time="28.216"/>
  <testcase classname="com.mindtree.Runner.Tc_004_Runner" name="Case1" time="12.77"/>
  <testcase classname="com.mindtree.Runner.Tc_005_Runner" name="Case1" time="7.307"/>
</testsuite> <!-- Test -->
